
Showing logs for build [32mcb-kubecd-environment-pr-197-81-24xxn-1[0m stage [32mfrom-build-pack[0m and container [32mstep-credential-initializer-hhnxr[0m
{"level":"warn","ts":1586425481.0199928,"logger":"fallback-logger","caller":"logging/config.go:69","msg":"Fetch GitHub commit ID from kodata failed: \"ref: refs/heads/0.8.0-**-support-backwards-incompats\" is not a valid GitHub commit ID"}
{"level":"info","ts":1586425481.0210462,"logger":"fallback-logger","caller":"creds-init/main.go:40","msg":"Credentials initialized."}

Showing logs for build [32mcb-kubecd-environment-pr-197-81-24xxn-1[0m stage [32mfrom-build-pack[0m and container [32mstep-working-dir-initializer-sgkld[0m
{"level":"warn","ts":1586425482.0334764,"logger":"fallback-logger","caller":"logging/config.go:69","msg":"Fetch GitHub commit ID from kodata failed: open /var/run/ko/HEAD: no such file or directory"}
{"level":"info","ts":1586425482.0425751,"logger":"fallback-logger","caller":"bash/main.go:64","msg":"Successfully executed command \"sh -c mkdir -p /workspace/source\"; output "}

Showing logs for build [32mcb-kubecd-environment-pr-197-81-24xxn-1[0m stage [32mfrom-build-pack[0m and container [32mstep-place-tools[0m

Showing logs for build [32mcb-kubecd-environment-pr-197-81-24xxn-1[0m stage [32mfrom-build-pack[0m and container [32mstep-git-source-cb-kubecd-environment-pr-197-81-24xxn-ctbn7[0m
{"level":"warn","ts":1586425487.1976643,"logger":"fallback-logger","caller":"logging/config.go:69","msg":"Fetch GitHub commit ID from kodata failed: \"ref: refs/heads/0.8.0-**-support-backwards-incompats\" is not a valid GitHub commit ID"}
{"level":"info","ts":1586425488.2778726,"logger":"fallback-logger","caller":"git/git.go:103","msg":"Successfully cloned https://github.com/cb-kubecd/environment-pr-197-81-boot-gke-staging.git @ master in path /workspace/source"}

Showing logs for build [32mcb-kubecd-environment-pr-197-81-24xxn-1[0m stage [32mfrom-build-pack[0m and container [32mstep-git-merge[0m
Using SHAs from PULL_REFS=master:42ba91d438abad67227280004f6185e0ab9fa8ca,6:fd299e2a0aca33be6f5c35e0a8983f2fd8076627
DEBUG: LC_ALL=C JX_LOG_LEVEL=error git fetch origin --unshallow fd299e2a0aca33be6f5c35e0a8983f2fd8076627: 42ba91d438abad67227280004f6185e0ab9fa8ca:
DEBUG: ran git fetch --unshallow origin fd299e2a0aca33be6f5c35e0a8983f2fd8076627: 42ba91d438abad67227280004f6185e0ab9fa8ca: in 
DEBUG: LC_ALL=C JX_LOG_LEVEL=error git branch
DEBUG: LC_ALL=C JX_LOG_LEVEL=error git checkout master
DEBUG: ran git checkout master in 
DEBUG: LC_ALL=C JX_LOG_LEVEL=error git reset --hard 42ba91d438abad67227280004f6185e0ab9fa8ca
DEBUG: ran git reset --hard 42ba91d438abad67227280004f6185e0ab9fa8ca in 
DEBUG: JX_LOG_LEVEL=error LC_ALL=C git clean -fd .
DEBUG: ran clean --force -d . in 
DEBUG: LC_ALL=C JX_LOG_LEVEL=error git merge fd299e2a0aca33be6f5c35e0a8983f2fd8076627
DEBUG: ran git merge fd299e2a0aca33be6f5c35e0a8983f2fd8076627 in 
DEBUG: LC_ALL=C JX_LOG_LEVEL=error git log --format=%H%x1f%an%x1f%ae%x1f%cn%x1f%ce%x1f%s%n%b%x1e 42ba91d438abad67227280004f6185e0ab9fa8ca..HEAD
Merged SHA fd299e2a0aca33be6f5c35e0a8983f2fd8076627 with commit message 'chore: Promote bdd-ghf**y-import-1586424812 to version 0.0.1' into base branch master

Showing logs for build [32mcb-kubecd-environment-pr-197-81-24xxn-1[0m stage [32mfrom-build-pack[0m and container [32mstep-build-helm-build[0m
WARNING: No $CHART_REPOSITORY defined so using the default value of: http://jenkins-x-chartmuseum:8080
Adding missing Helm repo: storage.googleapis.com https://storage.googleapis.com/chartmuseum.jenkins-x.io
WARNING: No secrets found on "helm/repos" due: reading the secret "helm/repos" from vault: no secret "helm/repos" not found in vault
Read credentials for https://storage.googleapis.com/chartmuseum.jenkins-x.io from vault helm/repos
Successfully added Helm repository storage.googleapis.com.
Adding missing Helm repo: jenkins-x-chartmuseum http://jenkins-x-chartmuseum:8080
WARNING: No secrets found on "helm/repos" due: reading the secret "helm/repos" from vault: no secret "helm/repos" not found in vault
Read credentials for http://jenkins-x-chartmuseum:8080 from vault helm/repos
Successfully added Helm repository jenkins-x-chartmuseum.
WARNING: No $CHART_REPOSITORY defined so using the default value of: http://jenkins-x-chartmuseum:8080
Adding missing Helm repo: chartmuseum.jenkins-x.io http://chartmuseum.jenkins-x.io
WARNING: No secrets found on "helm/repos" due: reading the secret "helm/repos" from vault: no secret "helm/repos" not found in vault
Read credentials for http://chartmuseum.jenkins-x.io from vault helm/repos
Successfully added Helm repository chartmuseum.jenkins-x.io.
