
Showing logs for build [32mcb-kubecd-environment-pr-197-81-pdncd-1[0m stage [32mfrom-build-pack[0m and container [32mstep-credential-initializer-hhtg8[0m
{"level":"warn","ts":1586421530.8652263,"logger":"fallback-logger","caller":"logging/config.go:69","msg":"Fetch GitHub commit ID from kodata failed: \"ref: refs/heads/0.8.0-**-support-backwards-incompats\" is not a valid GitHub commit ID"}
{"level":"info","ts":1586421530.8669357,"logger":"fallback-logger","caller":"creds-init/main.go:40","msg":"Credentials initialized."}

Showing logs for build [32mcb-kubecd-environment-pr-197-81-pdncd-1[0m stage [32mfrom-build-pack[0m and container [32mstep-working-dir-initializer-2xgjx[0m
{"level":"warn","ts":1586421532.5398145,"logger":"fallback-logger","caller":"logging/config.go:69","msg":"Fetch GitHub commit ID from kodata failed: open /var/run/ko/HEAD: no such file or directory"}
{"level":"info","ts":1586421532.543541,"logger":"fallback-logger","caller":"bash/main.go:64","msg":"Successfully executed command \"sh -c mkdir -p /workspace/source\"; output "}

Showing logs for build [32mcb-kubecd-environment-pr-197-81-pdncd-1[0m stage [32mfrom-build-pack[0m and container [32mstep-place-tools[0m

Showing logs for build [32mcb-kubecd-environment-pr-197-81-pdncd-1[0m stage [32mfrom-build-pack[0m and container [32mstep-git-source-cb-kubecd-environment-pr-197-81-pdncd-dzwcv[0m
{"level":"warn","ts":1586421538.5556824,"logger":"fallback-logger","caller":"logging/config.go:69","msg":"Fetch GitHub commit ID from kodata failed: \"ref: refs/heads/0.8.0-**-support-backwards-incompats\" is not a valid GitHub commit ID"}
{"level":"info","ts":1586421539.6410203,"logger":"fallback-logger","caller":"git/git.go:103","msg":"Successfully cloned https://github.com/cb-kubecd/environment-pr-197-81-boot-gke-staging.git @ master in path /workspace/source"}

Showing logs for build [32mcb-kubecd-environment-pr-197-81-pdncd-1[0m stage [32mfrom-build-pack[0m and container [32mstep-git-merge[0m
Using SHAs from PULL_REFS=master:beee61d91496d36c6e54dedfb38a42027a2e7d80,1:c463284ed8300f2e9a5e4c8d2d3c21626b39793d
DEBUG: LC_ALL=C JX_LOG_LEVEL=error git fetch origin --unshallow c463284ed8300f2e9a5e4c8d2d3c21626b39793d: beee61d91496d36c6e54dedfb38a42027a2e7d80:
DEBUG: ran git fetch --unshallow origin c463284ed8300f2e9a5e4c8d2d3c21626b39793d: beee61d91496d36c6e54dedfb38a42027a2e7d80: in 
DEBUG: LC_ALL=C JX_LOG_LEVEL=error git branch
DEBUG: JX_LOG_LEVEL=error LC_ALL=C git checkout master
DEBUG: ran git checkout master in 
DEBUG: LC_ALL=C JX_LOG_LEVEL=error git reset --hard beee61d91496d36c6e54dedfb38a42027a2e7d80
DEBUG: ran git reset --hard beee61d91496d36c6e54dedfb38a42027a2e7d80 in 
DEBUG: LC_ALL=C JX_LOG_LEVEL=error git clean -fd .
DEBUG: ran clean --force -d . in 
DEBUG: LC_ALL=C JX_LOG_LEVEL=error git merge c463284ed8300f2e9a5e4c8d2d3c21626b39793d
DEBUG: ran git merge c463284ed8300f2e9a5e4c8d2d3c21626b39793d in 
DEBUG: LC_ALL=C JX_LOG_LEVEL=error git log --format=%H%x1f%an%x1f%ae%x1f%cn%x1f%ce%x1f%s%n%b%x1e beee61d91496d36c6e54dedfb38a42027a2e7d80..HEAD
Merged SHA c463284ed8300f2e9a5e4c8d2d3c21626b39793d with commit message 'chore: Promote bdd-spring-1586421134 to version 0.0.1' into base branch master

Showing logs for build [32mcb-kubecd-environment-pr-197-81-pdncd-1[0m stage [32mfrom-build-pack[0m and container [32mstep-build-helm-build[0m
WARNING: No $CHART_REPOSITORY defined so using the default value of: http://jenkins-x-chartmuseum:8080
Adding missing Helm repo: storage.googleapis.com https://storage.googleapis.com/chartmuseum.jenkins-x.io
WARNING: No secrets found on "helm/repos" due: reading the secret "helm/repos" from vault: no secret "helm/repos" not found in vault
Read credentials for https://storage.googleapis.com/chartmuseum.jenkins-x.io from vault helm/repos
Successfully added Helm repository storage.googleapis.com.
Adding missing Helm repo: jenkins-x-chartmuseum http://jenkins-x-chartmuseum:8080
WARNING: No secrets found on "helm/repos" due: reading the secret "helm/repos" from vault: no secret "helm/repos" not found in vault
Read credentials for http://jenkins-x-chartmuseum:8080 from vault helm/repos
Successfully added Helm repository jenkins-x-chartmuseum.
WARNING: No $CHART_REPOSITORY defined so using the default value of: http://jenkins-x-chartmuseum:8080
Adding missing Helm repo: chartmuseum.jenkins-x.io http://chartmuseum.jenkins-x.io
WARNING: No secrets found on "helm/repos" due: reading the secret "helm/repos" from vault: no secret "helm/repos" not found in vault
Read credentials for http://chartmuseum.jenkins-x.io from vault helm/repos
Successfully added Helm repository chartmuseum.jenkins-x.io.
